0 info it worked if it ends with ok
1 verbose cli [ '/usr/bin/nodejs',
1 verbose cli   '/usr/bin/npm',
1 verbose cli   'install',
1 verbose cli   'express',
1 verbose cli   '--save' ]
2 info using npm@3.8.3
3 info using node@v5.10.1
4 silly loadCurrentTree Starting
5 silly install loadCurrentTree
6 silly install readLocalPackageData
7 silly fetchPackageMetaData express
8 silly fetchNamedPackageData express
9 silly mapToRegistry name express
10 silly mapToRegistry using default registry
11 silly mapToRegistry registry https://registry.npmjs.org/
12 silly mapToRegistry data Result {
12 silly mapToRegistry   raw: 'express',
12 silly mapToRegistry   scope: null,
12 silly mapToRegistry   name: 'express',
12 silly mapToRegistry   rawSpec: '',
12 silly mapToRegistry   spec: 'latest',
12 silly mapToRegistry   type: 'tag' }
13 silly mapToRegistry uri https://registry.npmjs.org/express
14 verbose request uri https://registry.npmjs.org/express
15 verbose request no auth needed
16 info attempt registry request try #1 at 9:16:27 AM
17 verbose request id 2aafc4ce7f830541
18 verbose etag "3B547NZUKQ4IJNS13FHEYK1FJ"
19 http request GET https://registry.npmjs.org/express
20 http 304 https://registry.npmjs.org/express
21 verbose headers { date: 'Tue, 14 Jun 2016 09:16:37 GMT',
21 verbose headers   via: '1.1 varnish',
21 verbose headers   'cache-control': 'max-age=300',
21 verbose headers   etag: '"3B547NZUKQ4IJNS13FHEYK1FJ"',
21 verbose headers   age: '173',
21 verbose headers   connection: 'keep-alive',
21 verbose headers   'x-served-by': 'cache-hkg6825-HKG',
21 verbose headers   'x-cache': 'HIT',
21 verbose headers   'x-cache-hits': '5',
21 verbose headers   'x-timer': 'S1465895797.533726,VS0,VE0',
21 verbose headers   vary: 'Accept-Encoding' }
22 silly get cb [ 304,
22 silly get   { date: 'Tue, 14 Jun 2016 09:16:37 GMT',
22 silly get     via: '1.1 varnish',
22 silly get     'cache-control': 'max-age=300',
22 silly get     etag: '"3B547NZUKQ4IJNS13FHEYK1FJ"',
22 silly get     age: '173',
22 silly get     connection: 'keep-alive',
22 silly get     'x-served-by': 'cache-hkg6825-HKG',
22 silly get     'x-cache': 'HIT',
22 silly get     'x-cache-hits': '5',
22 silly get     'x-timer': 'S1465895797.533726,VS0,VE0',
22 silly get     vary: 'Accept-Encoding' } ]
23 verbose etag https://registry.npmjs.org/express from cache
24 verbose get saving express to /home/vagrant/.npm/registry.npmjs.org/express/.cache.json
25 verbose correctMkdir /home/vagrant/.npm correctMkdir not in flight; initializing
26 silly install normalizeTree
27 silly loadCurrentTree Finishing
28 silly loadIdealTree Starting
29 silly install loadIdealTree
30 silly cloneCurrentTree Starting
31 silly install cloneCurrentTreeToIdealTree
32 silly cloneCurrentTree Finishing
33 silly loadShrinkwrap Starting
34 silly install loadShrinkwrap
35 silly loadShrinkwrap Finishing
36 silly loadAllDepsIntoIdealTree Starting
37 silly install loadAllDepsIntoIdealTree
38 silly resolveWithNewModule express@4.13.4 checking installable status
39 silly cache add args [ 'express', null ]
40 verbose cache add spec express
41 silly cache add parsed spec Result {
41 silly cache add   raw: 'express',
41 silly cache add   scope: null,
41 silly cache add   name: 'express',
41 silly cache add   rawSpec: '',
41 silly cache add   spec: 'latest',
41 silly cache add   type: 'tag' }
42 silly addNamed express@latest
43 verbose addNamed "latest" is being treated as a dist-tag for express
44 info addNameTag [ 'express', 'latest' ]
45 silly mapToRegistry name express
46 silly mapToRegistry using default registry
47 silly mapToRegistry registry https://registry.npmjs.org/
48 silly mapToRegistry data Result {
48 silly mapToRegistry   raw: 'express',
48 silly mapToRegistry   scope: null,
48 silly mapToRegistry   name: 'express',
48 silly mapToRegistry   rawSpec: '',
48 silly mapToRegistry   spec: 'latest',
48 silly mapToRegistry   type: 'tag' }
49 silly mapToRegistry uri https://registry.npmjs.org/express
50 verbose addNameTag registry:https://registry.npmjs.org/express not in flight; fetching
51 verbose get https://registry.npmjs.org/express not expired, no request
52 silly addNameTag next cb for express with tag latest
53 silly addNamed express@4.13.4
54 verbose addNamed "4.13.4" is a plain semver version for express
55 silly cache afterAdd express@4.13.4
56 verbose afterAdd /home/vagrant/.npm/express/4.13.4/package/package.json not in flight; writing
57 verbose correctMkdir /home/vagrant/.npm correctMkdir not in flight; initializing
58 verbose afterAdd /home/vagrant/.npm/express/4.13.4/package/package.json written
59 silly fetchNamedPackageData accepts
60 silly mapToRegistry name accepts
61 silly mapToRegistry using default registry
62 silly mapToRegistry registry https://registry.npmjs.org/
63 silly mapToRegistry data Result {
63 silly mapToRegistry   raw: 'accepts',
63 silly mapToRegistry   scope: null,
63 silly mapToRegistry   name: 'accepts',
63 silly mapToRegistry   rawSpec: '',
63 silly mapToRegistry   spec: 'latest',
63 silly mapToRegistry   type: 'tag' }
64 silly mapToRegistry uri https://registry.npmjs.org/accepts
65 silly fetchNamedPackageData serve-static
66 silly mapToRegistry name serve-static
67 silly mapToRegistry using default registry
68 silly mapToRegistry registry https://registry.npmjs.org/
69 silly mapToRegistry data Result {
69 silly mapToRegistry   raw: 'serve-static',
69 silly mapToRegistry   scope: null,
69 silly mapToRegistry   name: 'serve-static',
69 silly mapToRegistry   rawSpec: '',
69 silly mapToRegistry   spec: 'latest',
69 silly mapToRegistry   type: 'tag' }
70 silly mapToRegistry uri https://registry.npmjs.org/serve-static
71 verbose request uri https://registry.npmjs.org/accepts
72 verbose request no auth needed
73 info attempt registry request try #1 at 9:16:28 AM
74 verbose etag "9TWKQ1SGRH0TFGFTNUSP0RVLX"
75 http request GET https://registry.npmjs.org/accepts
76 verbose request uri https://registry.npmjs.org/serve-static
77 verbose request no auth needed
78 info attempt registry request try #1 at 9:16:28 AM
79 verbose etag "28A7D7DBG4T1C3FB613ZG48IY"
80 http request GET https://registry.npmjs.org/serve-static
81 http 304 https://registry.npmjs.org/accepts
82 verbose headers { date: 'Tue, 14 Jun 2016 09:16:37 GMT',
82 verbose headers   via: '1.1 varnish',
82 verbose headers   'cache-control': 'max-age=300',
82 verbose headers   etag: '"9TWKQ1SGRH0TFGFTNUSP0RVLX"',
82 verbose headers   age: '53',
82 verbose headers   connection: 'keep-alive',
82 verbose headers   'x-served-by': 'cache-hkg6825-HKG',
82 verbose headers   'x-cache': 'HIT',
82 verbose headers   'x-cache-hits': '10',
82 verbose headers   'x-timer': 'S1465895797.944804,VS0,VE0',
82 verbose headers   vary: 'Accept-Encoding' }
83 silly get cb [ 304,
83 silly get   { date: 'Tue, 14 Jun 2016 09:16:37 GMT',
83 silly get     via: '1.1 varnish',
83 silly get     'cache-control': 'max-age=300',
83 silly get     etag: '"9TWKQ1SGRH0TFGFTNUSP0RVLX"',
83 silly get     age: '53',
83 silly get     connection: 'keep-alive',
83 silly get     'x-served-by': 'cache-hkg6825-HKG',
83 silly get     'x-cache': 'HIT',
83 silly get     'x-cache-hits': '10',
83 silly get     'x-timer': 'S1465895797.944804,VS0,VE0',
83 silly get     vary: 'Accept-Encoding' } ]
84 verbose etag https://registry.npmjs.org/accepts from cache
85 verbose get saving accepts to /home/vagrant/.npm/registry.npmjs.org/accepts/.cache.json
86 verbose correctMkdir /home/vagrant/.npm correctMkdir not in flight; initializing
87 silly resolveWithNewModule accepts@1.2.13 checking installable status
88 silly cache add args [ 'accepts@~1.2.12', null ]
89 verbose cache add spec accepts@~1.2.12
90 silly cache add parsed spec Result {
90 silly cache add   raw: 'accepts@~1.2.12',
90 silly cache add   scope: null,
90 silly cache add   name: 'accepts',
90 silly cache add   rawSpec: '~1.2.12',
90 silly cache add   spec: '>=1.2.12 <1.3.0',
90 silly cache add   type: 'range' }
91 silly addNamed accepts@>=1.2.12 <1.3.0
92 verbose addNamed ">=1.2.12 <1.3.0" is a valid semver range for accepts
93 silly addNameRange { name: 'accepts', range: '>=1.2.12 <1.3.0', hasData: false }
94 silly mapToRegistry name accepts
95 silly mapToRegistry using default registry
96 silly mapToRegistry registry https://registry.npmjs.org/
97 silly mapToRegistry data Result {
97 silly mapToRegistry   raw: 'accepts',
97 silly mapToRegistry   scope: null,
97 silly mapToRegistry   name: 'accepts',
97 silly mapToRegistry   rawSpec: '',
97 silly mapToRegistry   spec: 'latest',
97 silly mapToRegistry   type: 'tag' }
98 silly mapToRegistry uri https://registry.npmjs.org/accepts
99 verbose addNameRange registry:https://registry.npmjs.org/accepts not in flight; fetching
100 verbose get https://registry.npmjs.org/accepts not expired, no request
101 silly addNameRange number 2 { name: 'accepts', range: '>=1.2.12 <1.3.0', hasData: true }
102 silly addNameRange versions [ 'accepts',
102 silly addNameRange   [ '1.0.0',
102 silly addNameRange     '1.0.1',
102 silly addNameRange     '1.0.2',
102 silly addNameRange     '1.0.3',
102 silly addNameRange     '1.0.4',
102 silly addNameRange     '1.0.5',
102 silly addNameRange     '1.0.6',
102 silly addNameRange     '1.0.7',
102 silly addNameRange     '1.1.0',
102 silly addNameRange     '1.1.1',
102 silly addNameRange     '1.1.2',
102 silly addNameRange     '1.1.3',
102 silly addNameRange     '1.1.4',
102 silly addNameRange     '1.2.0',
102 silly addNameRange     '1.2.1',
102 silly addNameRange     '1.2.2',
102 silly addNameRange     '1.2.3',
102 silly addNameRange     '1.2.4',
102 silly addNameRange     '1.2.5',
102 silly addNameRange     '1.2.6',
102 silly addNameRange     '1.2.7',
102 silly addNameRange     '1.2.8',
102 silly addNameRange     '1.2.9',
102 silly addNameRange     '1.2.10',
102 silly addNameRange     '1.2.11',
102 silly addNameRange     '1.2.12',
102 silly addNameRange     '1.2.13',
102 silly addNameRange     '1.3.0',
102 silly addNameRange     '1.3.1',
102 silly addNameRange     '1.3.2',
102 silly addNameRange     '1.3.3' ] ]
103 silly addNamed accepts@1.2.13
104 verbose addNamed "1.2.13" is a plain semver version for accepts
105 silly cache afterAdd accepts@1.2.13
106 verbose afterAdd /home/vagrant/.npm/accepts/1.2.13/package/package.json not in flight; writing
107 verbose correctMkdir /home/vagrant/.npm correctMkdir not in flight; initializing
108 verbose afterAdd /home/vagrant/.npm/accepts/1.2.13/package/package.json written
109 http 304 https://registry.npmjs.org/serve-static
110 verbose headers { date: 'Tue, 14 Jun 2016 09:16:38 GMT',
110 verbose headers   via: '1.1 varnish',
110 verbose headers   'cache-control': 'max-age=300',
110 verbose headers   etag: '"28A7D7DBG4T1C3FB613ZG48IY"',
110 verbose headers   age: '21',
110 verbose headers   connection: 'keep-alive',
110 verbose headers   'x-served-by': 'cache-hkg6824-HKG',
110 verbose headers   'x-cache': 'HIT',
110 verbose headers   'x-cache-hits': '1',
110 verbose headers   'x-timer': 'S1465895798.339314,VS0,VE0',
110 verbose headers   vary: 'Accept-Encoding' }
111 silly get cb [ 304,
111 silly get   { date: 'Tue, 14 Jun 2016 09:16:38 GMT',
111 silly get     via: '1.1 varnish',
111 silly get     'cache-control': 'max-age=300',
111 silly get     etag: '"28A7D7DBG4T1C3FB613ZG48IY"',
111 silly get     age: '21',
111 silly get     connection: 'keep-alive',
111 silly get     'x-served-by': 'cache-hkg6824-HKG',
111 silly get     'x-cache': 'HIT',
111 silly get     'x-cache-hits': '1',
111 silly get     'x-timer': 'S1465895798.339314,VS0,VE0',
111 silly get     vary: 'Accept-Encoding' } ]
112 verbose etag https://registry.npmjs.org/serve-static from cache
113 verbose get saving serve-static to /home/vagrant/.npm/registry.npmjs.org/serve-static/.cache.json
114 verbose correctMkdir /home/vagrant/.npm correctMkdir not in flight; initializing
115 silly resolveWithNewModule serve-static@1.10.3 checking installable status
116 silly cache add args [ 'serve-static@~1.10.2', null ]
117 verbose cache add spec serve-static@~1.10.2
118 silly cache add parsed spec Result {
118 silly cache add   raw: 'serve-static@~1.10.2',
118 silly cache add   scope: null,
118 silly cache add   name: 'serve-static',
118 silly cache add   rawSpec: '~1.10.2',
118 silly cache add   spec: '>=1.10.2 <1.11.0',
118 silly cache add   type: 'range' }
119 silly addNamed serve-static@>=1.10.2 <1.11.0
120 verbose addNamed ">=1.10.2 <1.11.0" is a valid semver range for serve-static
121 silly addNameRange { name: 'serve-static',
121 silly addNameRange   range: '>=1.10.2 <1.11.0',
121 silly addNameRange   hasData: false }
122 silly mapToRegistry name serve-static
123 silly mapToRegistry using default registry
124 silly mapToRegistry registry https://registry.npmjs.org/
125 silly mapToRegistry data Result {
125 silly mapToRegistry   raw: 'serve-static',
125 silly mapToRegistry   scope: null,
125 silly mapToRegistry   name: 'serve-static',
125 silly mapToRegistry   rawSpec: '',
125 silly mapToRegistry   spec: 'latest',
125 silly mapToRegistry   type: 'tag' }
126 silly mapToRegistry uri https://registry.npmjs.org/serve-static
127 verbose addNameRange registry:https://registry.npmjs.org/serve-static not in flight; fetching
128 verbose get https://registry.npmjs.org/serve-static not expired, no request
129 silly addNameRange number 2 { name: 'serve-static',
129 silly addNameRange   range: '>=1.10.2 <1.11.0',
129 silly addNameRange   hasData: true }
130 silly addNameRange versions [ 'serve-static',
130 silly addNameRange   [ '1.0.0',
130 silly addNameRange     '1.0.1',
130 silly addNameRange     '1.0.2',
130 silly addNameRange     '1.0.3',
130 silly addNameRange     '1.0.4',
130 silly addNameRange     '1.1.0',
130 silly addNameRange     '1.2.0',
130 silly addNameRange     '1.2.1',
130 silly addNameRange     '1.2.2',
130 silly addNameRange     '1.2.3',
130 silly addNameRange     '1.3.0',
130 silly addNameRange     '1.3.1',
130 silly addNameRange     '1.3.2',
130 silly addNameRange     '1.4.0',
130 silly addNameRange     '1.4.1',
130 silly addNameRange     '1.4.2',
130 silly addNameRange     '1.4.3',
130 silly addNameRange     '1.4.4',
130 silly addNameRange     '1.5.0',
130 silly addNameRange     '1.5.1',
130 silly addNameRange     '1.5.2',
130 silly addNameRange     '1.5.3',
130 silly addNameRange     '1.5.4',
130 silly addNameRange     '1.6.0',
130 silly addNameRange     '1.6.1',
130 silly addNameRange     '1.6.2',
130 silly addNameRange     '1.6.3',
130 silly addNameRange     '1.6.4',
130 silly addNameRange     '1.7.0',
130 silly addNameRange     '1.7.1',
130 silly addNameRange     '1.7.2',
130 silly addNameRange     '1.8.0',
130 silly addNameRange     '1.8.1',
130 silly addNameRange     '1.6.5',
130 silly addNameRange     '1.9.0',
130 silly addNameRange     '1.9.1',
130 silly addNameRange     '1.9.2',
130 silly addNameRange     '1.9.3',
130 silly addNameRange     '1.10.0',
130 silly addNameRange     '1.10.1',
130 silly addNameRange     '1.10.2',
130 silly addNameRange     '1.10.3',
130 silly addNameRange     '1.11.0',
130 silly addNameRange     '1.11.1' ] ]
131 silly addNamed serve-static@1.10.3
132 verbose addNamed "1.10.3" is a plain semver version for serve-static
133 silly cache afterAdd serve-static@1.10.3
134 verbose afterAdd /home/vagrant/.npm/serve-static/1.10.3/package/package.json not in flight; writing
135 verbose correctMkdir /home/vagrant/.npm correctMkdir not in flight; initializing
136 verbose afterAdd /home/vagrant/.npm/serve-static/1.10.3/package/package.json written
137 silly fetchNamedPackageData mime-types
138 silly mapToRegistry name mime-types
139 silly mapToRegistry using default registry
140 silly mapToRegistry registry https://registry.npmjs.org/
141 silly mapToRegistry data Result {
141 silly mapToRegistry   raw: 'mime-types',
141 silly mapToRegistry   scope: null,
141 silly mapToRegistry   name: 'mime-types',
141 silly mapToRegistry   rawSpec: '',
141 silly mapToRegistry   spec: 'latest',
141 silly mapToRegistry   type: 'tag' }
142 silly mapToRegistry uri https://registry.npmjs.org/mime-types
143 silly fetchNamedPackageData negotiator
144 silly mapToRegistry name negotiator
145 silly mapToRegistry using default registry
146 silly mapToRegistry registry https://registry.npmjs.org/
147 silly mapToRegistry data Result {
147 silly mapToRegistry   raw: 'negotiator',
147 silly mapToRegistry   scope: null,
147 silly mapToRegistry   name: 'negotiator',
147 silly mapToRegistry   rawSpec: '',
147 silly mapToRegistry   spec: 'latest',
147 silly mapToRegistry   type: 'tag' }
148 silly mapToRegistry uri https://registry.npmjs.org/negotiator
149 verbose request uri https://registry.npmjs.org/mime-types
150 verbose request no auth needed
151 info attempt registry request try #1 at 9:16:28 AM
152 verbose etag "3O7DWUBEADFVPGVCL21NGLBAG"
153 http request GET https://registry.npmjs.org/mime-types
154 verbose request uri https://registry.npmjs.org/negotiator
155 verbose request no auth needed
156 info attempt registry request try #1 at 9:16:28 AM
157 verbose etag "7GBQG46XFDH0ZSGRKWMMPC5XX"
158 http request GET https://registry.npmjs.org/negotiator
159 http 304 https://registry.npmjs.org/mime-types
160 verbose headers { date: 'Tue, 14 Jun 2016 09:16:38 GMT',
160 verbose headers   via: '1.1 varnish',
160 verbose headers   'cache-control': 'max-age=300',
160 verbose headers   etag: '"3O7DWUBEADFVPGVCL21NGLBAG"',
160 verbose headers   age: '196',
160 verbose headers   connection: 'keep-alive',
160 verbose headers   'x-served-by': 'cache-hkg6825-HKG',
160 verbose headers   'x-cache': 'HIT',
160 verbose headers   'x-cache-hits': '159',
160 verbose headers   'x-timer': 'S1465895798.562833,VS0,VE0',
160 verbose headers   vary: 'Accept-Encoding' }
161 silly get cb [ 304,
161 silly get   { date: 'Tue, 14 Jun 2016 09:16:38 GMT',
161 silly get     via: '1.1 varnish',
161 silly get     'cache-control': 'max-age=300',
161 silly get     etag: '"3O7DWUBEADFVPGVCL21NGLBAG"',
161 silly get     age: '196',
161 silly get     connection: 'keep-alive',
161 silly get     'x-served-by': 'cache-hkg6825-HKG',
161 silly get     'x-cache': 'HIT',
161 silly get     'x-cache-hits': '159',
161 silly get     'x-timer': 'S1465895798.562833,VS0,VE0',
161 silly get     vary: 'Accept-Encoding' } ]
162 verbose etag https://registry.npmjs.org/mime-types from cache
163 verbose get saving mime-types to /home/vagrant/.npm/registry.npmjs.org/mime-types/.cache.json
164 verbose correctMkdir /home/vagrant/.npm correctMkdir not in flight; initializing
165 silly resolveWithNewModule mime-types@2.1.11 checking installable status
166 silly cache add args [ 'mime-types@~2.1.6', null ]
167 verbose cache add spec mime-types@~2.1.6
168 silly cache add parsed spec Result {
168 silly cache add   raw: 'mime-types@~2.1.6',
168 silly cache add   scope: null,
168 silly cache add   name: 'mime-types',
168 silly cache add   rawSpec: '~2.1.6',
168 silly cache add   spec: '>=2.1.6 <2.2.0',
168 silly cache add   type: 'range' }
169 silly addNamed mime-types@>=2.1.6 <2.2.0
170 verbose addNamed ">=2.1.6 <2.2.0" is a valid semver range for mime-types
171 silly addNameRange { name: 'mime-types', range: '>=2.1.6 <2.2.0', hasData: false }
172 silly mapToRegistry name mime-types
173 silly mapToRegistry using default registry
174 silly mapToRegistry registry https://registry.npmjs.org/
175 silly mapToRegistry data Result {
175 silly mapToRegistry   raw: 'mime-types',
175 silly mapToRegistry   scope: null,
175 silly mapToRegistry   name: 'mime-types',
175 silly mapToRegistry   rawSpec: '',
175 silly mapToRegistry   spec: 'latest',
175 silly mapToRegistry   type: 'tag' }
176 silly mapToRegistry uri https://registry.npmjs.org/mime-types
177 verbose addNameRange registry:https://registry.npmjs.org/mime-types not in flight; fetching
178 verbose get https://registry.npmjs.org/mime-types not expired, no request
179 silly addNameRange number 2 { name: 'mime-types', range: '>=2.1.6 <2.2.0', hasData: true }
180 silly addNameRange versions [ 'mime-types',
180 silly addNameRange   [ '0.1.0',
180 silly addNameRange     '1.0.0',
180 silly addNameRange     '1.0.1',
180 silly addNameRange     '1.0.2',
180 silly addNameRange     '2.0.0',
180 silly addNameRange     '2.0.1',
180 silly addNameRange     '2.0.2',
180 silly addNameRange     '2.0.3',
180 silly addNameRange     '2.0.4',
180 silly addNameRange     '2.0.5',
180 silly addNameRange     '2.0.6',
180 silly addNameRange     '2.0.7',
180 silly addNameRange     '2.0.8',
180 silly addNameRange     '2.0.9',
180 silly addNameRange     '2.0.10',
180 silly addNameRange     '2.0.11',
180 silly addNameRange     '2.0.12',
180 silly addNameRange     '2.0.13',
180 silly addNameRange     '2.0.14',
180 silly addNameRange     '2.1.0',
180 silly addNameRange     '2.1.1',
180 silly addNameRange     '2.1.2',
180 silly addNameRange     '2.1.3',
180 silly addNameRange     '2.1.4',
180 silly addNameRange     '2.1.5',
180 silly addNameRange     '2.1.6',
180 silly addNameRange     '2.1.7',
180 silly addNameRange     '2.1.8',
180 silly addNameRange     '2.1.9',
180 silly addNameRange     '2.1.10',
180 silly addNameRange     '2.1.11' ] ]
181 silly addNamed mime-types@2.1.11
182 verbose addNamed "2.1.11" is a plain semver version for mime-types
183 silly cache afterAdd mime-types@2.1.11
184 verbose afterAdd /home/vagrant/.npm/mime-types/2.1.11/package/package.json not in flight; writing
185 verbose correctMkdir /home/vagrant/.npm correctMkdir not in flight; initializing
186 verbose afterAdd /home/vagrant/.npm/mime-types/2.1.11/package/package.json written
187 http 304 https://registry.npmjs.org/negotiator
188 verbose headers { date: 'Tue, 14 Jun 2016 09:16:38 GMT',
188 verbose headers   via: '1.1 varnish',
188 verbose headers   'cache-control': 'max-age=300',
188 verbose headers   etag: '"7GBQG46XFDH0ZSGRKWMMPC5XX"',
188 verbose headers   age: '62',
188 verbose headers   connection: 'keep-alive',
188 verbose headers   'x-served-by': 'cache-hkg6824-HKG',
188 verbose headers   'x-cache': 'HIT',
188 verbose headers   'x-cache-hits': '2',
188 verbose headers   'x-timer': 'S1465895798.563699,VS0,VE0',
188 verbose headers   vary: 'Accept-Encoding' }
189 silly get cb [ 304,
189 silly get   { date: 'Tue, 14 Jun 2016 09:16:38 GMT',
189 silly get     via: '1.1 varnish',
189 silly get     'cache-control': 'max-age=300',
189 silly get     etag: '"7GBQG46XFDH0ZSGRKWMMPC5XX"',
189 silly get     age: '62',
189 silly get     connection: 'keep-alive',
189 silly get     'x-served-by': 'cache-hkg6824-HKG',
189 silly get     'x-cache': 'HIT',
189 silly get     'x-cache-hits': '2',
189 silly get     'x-timer': 'S1465895798.563699,VS0,VE0',
189 silly get     vary: 'Accept-Encoding' } ]
190 verbose etag https://registry.npmjs.org/negotiator from cache
191 verbose get saving negotiator to /home/vagrant/.npm/registry.npmjs.org/negotiator/.cache.json
192 verbose correctMkdir /home/vagrant/.npm correctMkdir not in flight; initializing
193 silly resolveWithNewModule negotiator@0.5.3 checking installable status
194 silly cache add args [ 'negotiator@0.5.3', null ]
195 verbose cache add spec negotiator@0.5.3
196 silly cache add parsed spec Result {
196 silly cache add   raw: 'negotiator@0.5.3',
196 silly cache add   scope: null,
196 silly cache add   name: 'negotiator',
196 silly cache add   rawSpec: '0.5.3',
196 silly cache add   spec: '0.5.3',
196 silly cache add   type: 'version' }
197 silly addNamed negotiator@0.5.3
198 verbose addNamed "0.5.3" is a plain semver version for negotiator
199 silly mapToRegistry name negotiator
200 silly mapToRegistry using default registry
201 silly mapToRegistry registry https://registry.npmjs.org/
202 silly mapToRegistry data Result {
202 silly mapToRegistry   raw: 'negotiator',
202 silly mapToRegistry   scope: null,
202 silly mapToRegistry   name: 'negotiator',
202 silly mapToRegistry   rawSpec: '',
202 silly mapToRegistry   spec: 'latest',
202 silly mapToRegistry   type: 'tag' }
203 silly mapToRegistry uri https://registry.npmjs.org/negotiator
204 verbose addNameVersion registry:https://registry.npmjs.org/negotiator not in flight; fetching
205 verbose get https://registry.npmjs.org/negotiator not expired, no request
206 silly cache afterAdd negotiator@0.5.3
207 verbose afterAdd /home/vagrant/.npm/negotiator/0.5.3/package/package.json not in flight; writing
208 verbose correctMkdir /home/vagrant/.npm correctMkdir not in flight; initializing
209 verbose afterAdd /home/vagrant/.npm/negotiator/0.5.3/package/package.json written
210 silly fetchNamedPackageData mime-db
211 silly mapToRegistry name mime-db
212 silly mapToRegistry using default registry
213 silly mapToRegistry registry https://registry.npmjs.org/
214 silly mapToRegistry data Result {
214 silly mapToRegistry   raw: 'mime-db',
214 silly mapToRegistry   scope: null,
214 silly mapToRegistry   name: 'mime-db',
214 silly mapToRegistry   rawSpec: '',
214 silly mapToRegistry   spec: 'latest',
214 silly mapToRegistry   type: 'tag' }
215 silly mapToRegistry uri https://registry.npmjs.org/mime-db
216 verbose request uri https://registry.npmjs.org/mime-db
217 verbose request no auth needed
218 info attempt registry request try #1 at 9:16:28 AM
219 verbose etag "DE1E5EXFAKV0S1L2M4PVTQ4O1"
220 http request GET https://registry.npmjs.org/mime-db
221 http 304 https://registry.npmjs.org/mime-db
222 verbose headers { date: 'Tue, 14 Jun 2016 09:16:38 GMT',
222 verbose headers   via: '1.1 varnish',
222 verbose headers   'cache-control': 'max-age=300',
222 verbose headers   etag: '"DE1E5EXFAKV0S1L2M4PVTQ4O1"',
222 verbose headers   age: '0',
222 verbose headers   connection: 'keep-alive',
222 verbose headers   'x-served-by': 'cache-hkg6825-HKG',
222 verbose headers   'x-cache': 'HIT',
222 verbose headers   'x-cache-hits': '1',
222 verbose headers   'x-timer': 'S1465895798.774730,VS0,VE189',
222 verbose headers   vary: 'Accept-Encoding' }
223 silly get cb [ 304,
223 silly get   { date: 'Tue, 14 Jun 2016 09:16:38 GMT',
223 silly get     via: '1.1 varnish',
223 silly get     'cache-control': 'max-age=300',
223 silly get     etag: '"DE1E5EXFAKV0S1L2M4PVTQ4O1"',
223 silly get     age: '0',
223 silly get     connection: 'keep-alive',
223 silly get     'x-served-by': 'cache-hkg6825-HKG',
223 silly get     'x-cache': 'HIT',
223 silly get     'x-cache-hits': '1',
223 silly get     'x-timer': 'S1465895798.774730,VS0,VE189',
223 silly get     vary: 'Accept-Encoding' } ]
224 verbose etag https://registry.npmjs.org/mime-db from cache
225 verbose get saving mime-db to /home/vagrant/.npm/registry.npmjs.org/mime-db/.cache.json
226 verbose correctMkdir /home/vagrant/.npm correctMkdir not in flight; initializing
227 silly resolveWithNewModule mime-db@1.23.0 checking installable status
228 silly cache add args [ 'mime-db@~1.23.0', null ]
229 verbose cache add spec mime-db@~1.23.0
230 silly cache add parsed spec Result {
230 silly cache add   raw: 'mime-db@~1.23.0',
230 silly cache add   scope: null,
230 silly cache add   name: 'mime-db',
230 silly cache add   rawSpec: '~1.23.0',
230 silly cache add   spec: '>=1.23.0 <1.24.0',
230 silly cache add   type: 'range' }
231 silly addNamed mime-db@>=1.23.0 <1.24.0
232 verbose addNamed ">=1.23.0 <1.24.0" is a valid semver range for mime-db
233 silly addNameRange { name: 'mime-db', range: '>=1.23.0 <1.24.0', hasData: false }
234 silly mapToRegistry name mime-db
235 silly mapToRegistry using default registry
236 silly mapToRegistry registry https://registry.npmjs.org/
237 silly mapToRegistry data Result {
237 silly mapToRegistry   raw: 'mime-db',
237 silly mapToRegistry   scope: null,
237 silly mapToRegistry   name: 'mime-db',
237 silly mapToRegistry   rawSpec: '',
237 silly mapToRegistry   spec: 'latest',
237 silly mapToRegistry   type: 'tag' }
238 silly mapToRegistry uri https://registry.npmjs.org/mime-db
239 verbose addNameRange registry:https://registry.npmjs.org/mime-db not in flight; fetching
240 verbose get https://registry.npmjs.org/mime-db not expired, no request
241 silly addNameRange number 2 { name: 'mime-db', range: '>=1.23.0 <1.24.0', hasData: true }
242 silly addNameRange versions [ 'mime-db',
242 silly addNameRange   [ '0.0.0',
242 silly addNameRange     '1.0.0',
242 silly addNameRange     '1.0.1',
242 silly addNameRange     '1.0.2',
242 silly addNameRange     '1.0.3',
242 silly addNameRange     '1.1.0',
242 silly addNameRange     '1.1.1',
242 silly addNameRange     '1.1.2',
242 silly addNameRange     '1.2.0',
242 silly addNameRange     '1.3.0',
242 silly addNameRange     '1.3.1',
242 silly addNameRange     '1.4.0',
242 silly addNameRange     '1.5.0',
242 silly addNameRange     '1.6.0',
242 silly addNameRange     '1.6.1',
242 silly addNameRange     '1.7.0',
242 silly addNameRange     '1.8.0',
242 silly addNameRange     '1.9.0',
242 silly addNameRange     '1.9.1',
242 silly addNameRange     '1.10.0',
242 silly addNameRange     '1.11.0',
242 silly addNameRange     '1.12.0',
242 silly addNameRange     '1.13.0',
242 silly addNameRange     '1.14.0',
242 silly addNameRange     '1.15.0',
242 silly addNameRange     '1.16.0',
242 silly addNameRange     '1.17.0',
242 silly addNameRange     '1.18.0',
242 silly addNameRange     '1.19.0',
242 silly addNameRange     '1.20.0',
242 silly addNameRange     '1.21.0',
242 silly addNameRange     '1.22.0',
242 silly addNameRange     '1.23.0' ] ]
243 silly addNamed mime-db@1.23.0
244 verbose addNamed "1.23.0" is a plain semver version for mime-db
245 silly cache afterAdd mime-db@1.23.0
246 verbose afterAdd /home/vagrant/.npm/mime-db/1.23.0/package/package.json not in flight; writing
247 verbose correctMkdir /home/vagrant/.npm correctMkdir not in flight; initializing
248 verbose afterAdd /home/vagrant/.npm/mime-db/1.23.0/package/package.json written
249 silly fetchNamedPackageData mime
250 silly mapToRegistry name mime
251 silly mapToRegistry using default registry
252 silly mapToRegistry registry https://registry.npmjs.org/
253 silly mapToRegistry data Result {
253 silly mapToRegistry   raw: 'mime',
253 silly mapToRegistry   scope: null,
253 silly mapToRegistry   name: 'mime',
253 silly mapToRegistry   rawSpec: '',
253 silly mapToRegistry   spec: 'latest',
253 silly mapToRegistry   type: 'tag' }
254 silly mapToRegistry uri https://registry.npmjs.org/mime
255 verbose request uri https://registry.npmjs.org/mime
256 verbose request no auth needed
257 info attempt registry request try #1 at 9:16:29 AM
258 verbose etag "2LG1U84ZN9K2R94ZAVNGX9DZD"
259 http request GET https://registry.npmjs.org/mime
260 http 304 https://registry.npmjs.org/mime
261 verbose headers { date: 'Tue, 14 Jun 2016 09:16:39 GMT',
261 verbose headers   via: '1.1 varnish',
261 verbose headers   'cache-control': 'max-age=300',
261 verbose headers   etag: '"2LG1U84ZN9K2R94ZAVNGX9DZD"',
261 verbose headers   age: '182',
261 verbose headers   connection: 'keep-alive',
261 verbose headers   'x-served-by': 'cache-hkg6824-HKG',
261 verbose headers   'x-cache': 'HIT',
261 verbose headers   'x-cache-hits': '9',
261 verbose headers   'x-timer': 'S1465895799.204153,VS0,VE0',
261 verbose headers   vary: 'Accept-Encoding' }
262 silly get cb [ 304,
262 silly get   { date: 'Tue, 14 Jun 2016 09:16:39 GMT',
262 silly get     via: '1.1 varnish',
262 silly get     'cache-control': 'max-age=300',
262 silly get     etag: '"2LG1U84ZN9K2R94ZAVNGX9DZD"',
262 silly get     age: '182',
262 silly get     connection: 'keep-alive',
262 silly get     'x-served-by': 'cache-hkg6824-HKG',
262 silly get     'x-cache': 'HIT',
262 silly get     'x-cache-hits': '9',
262 silly get     'x-timer': 'S1465895799.204153,VS0,VE0',
262 silly get     vary: 'Accept-Encoding' } ]
263 verbose etag https://registry.npmjs.org/mime from cache
264 verbose get saving mime to /home/vagrant/.npm/registry.npmjs.org/mime/.cache.json
265 verbose correctMkdir /home/vagrant/.npm correctMkdir not in flight; initializing
266 silly resolveWithNewModule mime@1.3.4 checking installable status
267 silly cache add args [ 'mime@1.3.4', null ]
268 verbose cache add spec mime@1.3.4
269 silly cache add parsed spec Result {
269 silly cache add   raw: 'mime@1.3.4',
269 silly cache add   scope: null,
269 silly cache add   name: 'mime',
269 silly cache add   rawSpec: '1.3.4',
269 silly cache add   spec: '1.3.4',
269 silly cache add   type: 'version' }
270 silly addNamed mime@1.3.4
271 verbose addNamed "1.3.4" is a plain semver version for mime
272 silly mapToRegistry name mime
273 silly mapToRegistry using default registry
274 silly mapToRegistry registry https://registry.npmjs.org/
275 silly mapToRegistry data Result {
275 silly mapToRegistry   raw: 'mime',
275 silly mapToRegistry   scope: null,
275 silly mapToRegistry   name: 'mime',
275 silly mapToRegistry   rawSpec: '',
275 silly mapToRegistry   spec: 'latest',
275 silly mapToRegistry   type: 'tag' }
276 silly mapToRegistry uri https://registry.npmjs.org/mime
277 verbose addNameVersion registry:https://registry.npmjs.org/mime not in flight; fetching
278 verbose get https://registry.npmjs.org/mime not expired, no request
279 silly cache afterAdd mime@1.3.4
280 verbose afterAdd /home/vagrant/.npm/mime/1.3.4/package/package.json not in flight; writing
281 verbose correctMkdir /home/vagrant/.npm correctMkdir not in flight; initializing
282 verbose afterAdd /home/vagrant/.npm/mime/1.3.4/package/package.json written
283 silly fetchNamedPackageData send
284 silly mapToRegistry name send
285 silly mapToRegistry using default registry
286 silly mapToRegistry registry https://registry.npmjs.org/
287 silly mapToRegistry data Result {
287 silly mapToRegistry   raw: 'send',
287 silly mapToRegistry   scope: null,
287 silly mapToRegistry   name: 'send',
287 silly mapToRegistry   rawSpec: '',
287 silly mapToRegistry   spec: 'latest',
287 silly mapToRegistry   type: 'tag' }
288 silly mapToRegistry uri https://registry.npmjs.org/send
289 verbose request uri https://registry.npmjs.org/send
290 verbose request no auth needed
291 info attempt registry request try #1 at 9:16:29 AM
292 verbose etag "4NDQZI28D7ZVNK5G76M56TIO7"
293 http request GET https://registry.npmjs.org/send
294 http 304 https://registry.npmjs.org/send
295 verbose headers { date: 'Tue, 14 Jun 2016 09:16:39 GMT',
295 verbose headers   via: '1.1 varnish',
295 verbose headers   'cache-control': 'max-age=300',
295 verbose headers   etag: '"4NDQZI28D7ZVNK5G76M56TIO7"',
295 verbose headers   age: '109',
295 verbose headers   connection: 'keep-alive',
295 verbose headers   'x-served-by': 'cache-hkg6825-HKG',
295 verbose headers   'x-cache': 'HIT',
295 verbose headers   'x-cache-hits': '5',
295 verbose headers   'x-timer': 'S1465895799.420371,VS0,VE0',
295 verbose headers   vary: 'Accept-Encoding' }
296 silly get cb [ 304,
296 silly get   { date: 'Tue, 14 Jun 2016 09:16:39 GMT',
296 silly get     via: '1.1 varnish',
296 silly get     'cache-control': 'max-age=300',
296 silly get     etag: '"4NDQZI28D7ZVNK5G76M56TIO7"',
296 silly get     age: '109',
296 silly get     connection: 'keep-alive',
296 silly get     'x-served-by': 'cache-hkg6825-HKG',
296 silly get     'x-cache': 'HIT',
296 silly get     'x-cache-hits': '5',
296 silly get     'x-timer': 'S1465895799.420371,VS0,VE0',
296 silly get     vary: 'Accept-Encoding' } ]
297 verbose etag https://registry.npmjs.org/send from cache
298 verbose get saving send to /home/vagrant/.npm/registry.npmjs.org/send/.cache.json
299 verbose correctMkdir /home/vagrant/.npm correctMkdir not in flight; initializing
300 silly resolveWithNewModule send@0.13.2 checking installable status
301 silly cache add args [ 'send@0.13.2', null ]
302 verbose cache add spec send@0.13.2
303 silly cache add parsed spec Result {
303 silly cache add   raw: 'send@0.13.2',
303 silly cache add   scope: null,
303 silly cache add   name: 'send',
303 silly cache add   rawSpec: '0.13.2',
303 silly cache add   spec: '0.13.2',
303 silly cache add   type: 'version' }
304 silly addNamed send@0.13.2
305 verbose addNamed "0.13.2" is a plain semver version for send
306 silly mapToRegistry name send
307 silly mapToRegistry using default registry
308 silly mapToRegistry registry https://registry.npmjs.org/
309 silly mapToRegistry data Result {
309 silly mapToRegistry   raw: 'send',
309 silly mapToRegistry   scope: null,
309 silly mapToRegistry   name: 'send',
309 silly mapToRegistry   rawSpec: '',
309 silly mapToRegistry   spec: 'latest',
309 silly mapToRegistry   type: 'tag' }
310 silly mapToRegistry uri https://registry.npmjs.org/send
311 verbose addNameVersion registry:https://registry.npmjs.org/send not in flight; fetching
312 verbose get https://registry.npmjs.org/send not expired, no request
313 silly cache afterAdd send@0.13.2
314 verbose afterAdd /home/vagrant/.npm/send/0.13.2/package/package.json not in flight; writing
315 verbose correctMkdir /home/vagrant/.npm correctMkdir not in flight; initializing
316 verbose afterAdd /home/vagrant/.npm/send/0.13.2/package/package.json written
317 silly loadAllDepsIntoIdealTree Finishing
318 silly idealTree:prePrune larvifi
318 silly idealTree:prePrune ├── accepts@1.1.4
318 silly idealTree:prePrune ├── after@0.8.1
318 silly idealTree:prePrune ├── array-flatten@1.1.1
318 silly idealTree:prePrune ├── arraybuffer.slice@0.0.6
318 silly idealTree:prePrune ├── backo2@1.0.2
318 silly idealTree:prePrune ├── base64-arraybuffer@0.1.2
318 silly idealTree:prePrune ├── base64id@0.1.0
318 silly idealTree:prePrune ├── benchmark@1.0.0
318 silly idealTree:prePrune ├── better-assert@1.0.2
318 silly idealTree:prePrune ├── blob@0.0.4
318 silly idealTree:prePrune ├── bluebird@3.4.0
318 silly idealTree:prePrune ├── callsite@1.0.0
318 silly idealTree:prePrune ├── component-bind@1.0.0
318 silly idealTree:prePrune ├── component-emitter@1.1.2
318 silly idealTree:prePrune ├── component-inherit@0.0.3
318 silly idealTree:prePrune ├── content-disposition@0.5.1
318 silly idealTree:prePrune ├── content-type@1.0.2
318 silly idealTree:prePrune ├── cookie-signature@1.0.6
318 silly idealTree:prePrune ├── cookie@0.1.5
318 silly idealTree:prePrune ├── debug@2.2.0
318 silly idealTree:prePrune ├── depd@1.1.0
318 silly idealTree:prePrune ├── destroy@1.0.4
318 silly idealTree:prePrune ├── double-ended-queue@2.1.0-0
318 silly idealTree:prePrune ├── ee-first@1.1.1
318 silly idealTree:prePrune ├── engine.io-client@1.6.9
318 silly idealTree:prePrune ├─┬ engine.io-parser@1.2.4
318 silly idealTree:prePrune │ └── has-binary@0.1.6
318 silly idealTree:prePrune ├── engine.io@1.6.9
318 silly idealTree:prePrune ├── escape-html@1.0.3
318 silly idealTree:prePrune ├── etag@1.7.0
318 silly idealTree:prePrune ├─┬ express@4.13.4
318 silly idealTree:prePrune │ ├── accepts@1.2.13
318 silly idealTree:prePrune │ ├── mime-db@1.23.0
318 silly idealTree:prePrune │ ├── mime-types@2.1.11
318 silly idealTree:prePrune │ └── negotiator@0.5.3
318 silly idealTree:prePrune ├── finalhandler@0.4.1
318 silly idealTree:prePrune ├── flexbuffer@0.0.6
318 silly idealTree:prePrune ├── forwarded@0.1.0
318 silly idealTree:prePrune ├── fresh@0.3.0
318 silly idealTree:prePrune ├── has-binary@0.1.7
318 silly idealTree:prePrune ├── has-cors@1.1.0
318 silly idealTree:prePrune ├── http-errors@1.3.1
318 silly idealTree:prePrune ├── indexof@0.0.1
318 silly idealTree:prePrune ├── inherits@2.0.1
318 silly idealTree:prePrune ├── ioredis@2.0.1
318 silly idealTree:prePrune ├── ipaddr.js@1.0.5
318 silly idealTree:prePrune ├── isarray@0.0.1
318 silly idealTree:prePrune ├── json3@3.2.6
318 silly idealTree:prePrune ├── lodash@4.13.1
318 silly idealTree:prePrune ├── media-typer@0.3.0
318 silly idealTree:prePrune ├── merge-descriptors@1.0.1
318 silly idealTree:prePrune ├── methods@1.1.2
318 silly idealTree:prePrune ├── mime-db@1.12.0
318 silly idealTree:prePrune ├── mime-types@2.0.14
318 silly idealTree:prePrune ├── mime@1.3.4
318 silly idealTree:prePrune ├── ms@0.7.1
318 silly idealTree:prePrune ├── negotiator@0.4.9
318 silly idealTree:prePrune ├── object-component@0.0.3
318 silly idealTree:prePrune ├── on-finished@2.3.0
318 silly idealTree:prePrune ├── options@0.0.6
318 silly idealTree:prePrune ├── parsejson@0.0.1
318 silly idealTree:prePrune ├── parseqs@0.0.2
318 silly idealTree:prePrune ├── parseuri@0.0.4
318 silly idealTree:prePrune ├── parseurl@1.3.1
318 silly idealTree:prePrune ├── path-to-regexp@0.1.7
318 silly idealTree:prePrune ├── proxy-addr@1.0.10
318 silly idealTree:prePrune ├── qs@4.0.0
318 silly idealTree:prePrune ├── range-parser@1.0.3
318 silly idealTree:prePrune ├── redis-commands@1.2.0
318 silly idealTree:prePrune ├── redis-parser@1.3.0
318 silly idealTree:prePrune ├── send@0.13.1
318 silly idealTree:prePrune ├─┬ serve-static@1.10.3
318 silly idealTree:prePrune │ └── send@0.13.2
318 silly idealTree:prePrune ├─┬ socket.io-adapter@0.4.0
318 silly idealTree:prePrune │ └─┬ socket.io-parser@2.2.2
318 silly idealTree:prePrune │   └── debug@0.7.4
318 silly idealTree:prePrune ├─┬ socket.io-client@1.4.6
318 silly idealTree:prePrune │ └── component-emitter@1.2.0
318 silly idealTree:prePrune ├─┬ socket.io-parser@2.2.6
318 silly idealTree:prePrune │ └── json3@3.3.2
318 silly idealTree:prePrune ├── socket.io@1.4.6
318 silly idealTree:prePrune ├── statuses@1.2.1
318 silly idealTree:prePrune ├── to-array@0.1.4
318 silly idealTree:prePrune ├─┬ type-is@1.6.13
318 silly idealTree:prePrune │ ├── mime-db@1.23.0
318 silly idealTree:prePrune │ └── mime-types@2.1.11
318 silly idealTree:prePrune ├── ultron@1.0.2
318 silly idealTree:prePrune ├── unpipe@1.0.0
318 silly idealTree:prePrune ├── utf8@2.1.0
318 silly idealTree:prePrune ├── utils-merge@1.0.0
318 silly idealTree:prePrune ├── vary@1.0.1
318 silly idealTree:prePrune ├── ws@1.0.1
318 silly idealTree:prePrune ├── xmlhttprequest-ssl@1.5.1
318 silly idealTree:prePrune └── yeast@0.1.2
319 silly loadIdealTree Finishing
320 silly currentTree larvifi
320 silly currentTree ├── accepts@1.1.4
320 silly currentTree ├── after@0.8.1
320 silly currentTree ├── array-flatten@1.1.1
320 silly currentTree ├── arraybuffer.slice@0.0.6
320 silly currentTree ├── backo2@1.0.2
320 silly currentTree ├── base64-arraybuffer@0.1.2
320 silly currentTree ├── base64id@0.1.0
320 silly currentTree ├── benchmark@1.0.0
320 silly currentTree ├── better-assert@1.0.2
320 silly currentTree ├── blob@0.0.4
320 silly currentTree ├── bluebird@3.4.0
320 silly currentTree ├── callsite@1.0.0
320 silly currentTree ├── component-bind@1.0.0
320 silly currentTree ├── component-emitter@1.1.2
320 silly currentTree ├── component-inherit@0.0.3
320 silly currentTree ├── content-disposition@0.5.1
320 silly currentTree ├── content-type@1.0.2
320 silly currentTree ├── cookie-signature@1.0.6
320 silly currentTree ├── cookie@0.1.5
320 silly currentTree ├── debug@2.2.0
320 silly currentTree ├── depd@1.1.0
320 silly currentTree ├── destroy@1.0.4
320 silly currentTree ├── double-ended-queue@2.1.0-0
320 silly currentTree ├── ee-first@1.1.1
320 silly currentTree ├── engine.io-client@1.6.9
320 silly currentTree ├─┬ engine.io-parser@1.2.4
320 silly currentTree │ └── has-binary@0.1.6
320 silly currentTree ├── engine.io@1.6.9
320 silly currentTree ├── escape-html@1.0.3
320 silly currentTree ├── etag@1.7.0
320 silly currentTree ├── finalhandler@0.4.1
320 silly currentTree ├── flexbuffer@0.0.6
320 silly currentTree ├── forwarded@0.1.0
320 silly currentTree ├── fresh@0.3.0
320 silly currentTree ├── has-binary@0.1.7
320 silly currentTree ├── has-cors@1.1.0
320 silly currentTree ├── http-errors@1.3.1
320 silly currentTree ├── indexof@0.0.1
320 silly currentTree ├── inherits@2.0.1
320 silly currentTree ├── ioredis@2.0.1
320 silly currentTree ├── ipaddr.js@1.0.5
320 silly currentTree ├── isarray@0.0.1
320 silly currentTree ├── json3@3.2.6
320 silly currentTree ├── lodash@4.13.1
320 silly currentTree ├── media-typer@0.3.0
320 silly currentTree ├── merge-descriptors@1.0.1
320 silly currentTree ├── methods@1.1.2
320 silly currentTree ├── mime-db@1.12.0
320 silly currentTree ├── mime-types@2.0.14
320 silly currentTree ├── ms@0.7.1
320 silly currentTree ├── negotiator@0.4.9
320 silly currentTree ├── object-component@0.0.3
320 silly currentTree ├── on-finished@2.3.0
320 silly currentTree ├── options@0.0.6
320 silly currentTree ├── parsejson@0.0.1
320 silly currentTree ├── parseqs@0.0.2
320 silly currentTree ├── parseuri@0.0.4
320 silly currentTree ├── parseurl@1.3.1
320 silly currentTree ├── path-to-regexp@0.1.7
320 silly currentTree ├── proxy-addr@1.0.10
320 silly currentTree ├── qs@4.0.0
320 silly currentTree ├── range-parser@1.0.3
320 silly currentTree ├── redis-commands@1.2.0
320 silly currentTree ├── redis-parser@1.3.0
320 silly currentTree ├── send@0.13.1
320 silly currentTree ├─┬ socket.io-adapter@0.4.0
320 silly currentTree │ └─┬ socket.io-parser@2.2.2
320 silly currentTree │   └── debug@0.7.4
320 silly currentTree ├─┬ socket.io-client@1.4.6
320 silly currentTree │ └── component-emitter@1.2.0
320 silly currentTree ├─┬ socket.io-parser@2.2.6
320 silly currentTree │ └── json3@3.3.2
320 silly currentTree ├── socket.io@1.4.6
320 silly currentTree ├── statuses@1.2.1
320 silly currentTree ├── to-array@0.1.4
320 silly currentTree ├─┬ type-is@1.6.13
320 silly currentTree │ ├── mime-db@1.23.0
320 silly currentTree │ └── mime-types@2.1.11
320 silly currentTree ├── ultron@1.0.2
320 silly currentTree ├── unpipe@1.0.0
320 silly currentTree ├── utf8@2.1.0
320 silly currentTree ├── utils-merge@1.0.0
320 silly currentTree ├── vary@1.0.1
320 silly currentTree ├── ws@1.0.1
320 silly currentTree ├── xmlhttprequest-ssl@1.5.1
320 silly currentTree └── yeast@0.1.2
321 silly idealTree larvifi
321 silly idealTree ├── accepts@1.1.4
321 silly idealTree ├── after@0.8.1
321 silly idealTree ├── array-flatten@1.1.1
321 silly idealTree ├── arraybuffer.slice@0.0.6
321 silly idealTree ├── backo2@1.0.2
321 silly idealTree ├── base64-arraybuffer@0.1.2
321 silly idealTree ├── base64id@0.1.0
321 silly idealTree ├── benchmark@1.0.0
321 silly idealTree ├── better-assert@1.0.2
321 silly idealTree ├── blob@0.0.4
321 silly idealTree ├── bluebird@3.4.0
321 silly idealTree ├── callsite@1.0.0
321 silly idealTree ├── component-bind@1.0.0
321 silly idealTree ├── component-emitter@1.1.2
321 silly idealTree ├── component-inherit@0.0.3
321 silly idealTree ├── content-disposition@0.5.1
321 silly idealTree ├── content-type@1.0.2
321 silly idealTree ├── cookie-signature@1.0.6
321 silly idealTree ├── cookie@0.1.5
321 silly idealTree ├── debug@2.2.0
321 silly idealTree ├── depd@1.1.0
321 silly idealTree ├── destroy@1.0.4
321 silly idealTree ├── double-ended-queue@2.1.0-0
321 silly idealTree ├── ee-first@1.1.1
321 silly idealTree ├── engine.io-client@1.6.9
321 silly idealTree ├─┬ engine.io-parser@1.2.4
321 silly idealTree │ └── has-binary@0.1.6
321 silly idealTree ├── engine.io@1.6.9
321 silly idealTree ├── escape-html@1.0.3
321 silly idealTree ├── etag@1.7.0
321 silly idealTree ├─┬ express@4.13.4
321 silly idealTree │ ├── accepts@1.2.13
321 silly idealTree │ ├── mime-db@1.23.0
321 silly idealTree │ ├── mime-types@2.1.11
321 silly idealTree │ └── negotiator@0.5.3
321 silly idealTree ├── finalhandler@0.4.1
321 silly idealTree ├── flexbuffer@0.0.6
321 silly idealTree ├── forwarded@0.1.0
321 silly idealTree ├── fresh@0.3.0
321 silly idealTree ├── has-binary@0.1.7
321 silly idealTree ├── has-cors@1.1.0
321 silly idealTree ├── http-errors@1.3.1
321 silly idealTree ├── indexof@0.0.1
321 silly idealTree ├── inherits@2.0.1
321 silly idealTree ├── ioredis@2.0.1
321 silly idealTree ├── ipaddr.js@1.0.5
321 silly idealTree ├── isarray@0.0.1
321 silly idealTree ├── json3@3.2.6
321 silly idealTree ├── lodash@4.13.1
321 silly idealTree ├── media-typer@0.3.0
321 silly idealTree ├── merge-descriptors@1.0.1
321 silly idealTree ├── methods@1.1.2
321 silly idealTree ├── mime-db@1.12.0
321 silly idealTree ├── mime-types@2.0.14
321 silly idealTree ├── mime@1.3.4
321 silly idealTree ├── ms@0.7.1
321 silly idealTree ├── negotiator@0.4.9
321 silly idealTree ├── object-component@0.0.3
321 silly idealTree ├── on-finished@2.3.0
321 silly idealTree ├── options@0.0.6
321 silly idealTree ├── parsejson@0.0.1
321 silly idealTree ├── parseqs@0.0.2
321 silly idealTree ├── parseuri@0.0.4
321 silly idealTree ├── parseurl@1.3.1
321 silly idealTree ├── path-to-regexp@0.1.7
321 silly idealTree ├── proxy-addr@1.0.10
321 silly idealTree ├── qs@4.0.0
321 silly idealTree ├── range-parser@1.0.3
321 silly idealTree ├── redis-commands@1.2.0
321 silly idealTree ├── redis-parser@1.3.0
321 silly idealTree ├── send@0.13.1
321 silly idealTree ├─┬ serve-static@1.10.3
321 silly idealTree │ └── send@0.13.2
321 silly idealTree ├─┬ socket.io-adapter@0.4.0
321 silly idealTree │ └─┬ socket.io-parser@2.2.2
321 silly idealTree │   └── debug@0.7.4
321 silly idealTree ├─┬ socket.io-client@1.4.6
321 silly idealTree │ └── component-emitter@1.2.0
321 silly idealTree ├─┬ socket.io-parser@2.2.6
321 silly idealTree │ └── json3@3.3.2
321 silly idealTree ├── socket.io@1.4.6
321 silly idealTree ├── statuses@1.2.1
321 silly idealTree ├── to-array@0.1.4
321 silly idealTree ├─┬ type-is@1.6.13
321 silly idealTree │ ├── mime-db@1.23.0
321 silly idealTree │ └── mime-types@2.1.11
321 silly idealTree ├── ultron@1.0.2
321 silly idealTree ├── unpipe@1.0.0
321 silly idealTree ├── utf8@2.1.0
321 silly idealTree ├── utils-merge@1.0.0
321 silly idealTree ├── vary@1.0.1
321 silly idealTree ├── ws@1.0.1
321 silly idealTree ├── xmlhttprequest-ssl@1.5.1
321 silly idealTree └── yeast@0.1.2
322 silly generateActionsToTake Starting
323 silly install generateActionsToTake
324 silly generateActionsToTake Finishing
325 silly diffTrees action count 8
326 silly diffTrees add mime-db@1.23.0
327 silly diffTrees add mime-types@2.1.11
328 silly diffTrees add negotiator@0.5.3
329 silly diffTrees add accepts@1.2.13
330 silly diffTrees add mime@1.3.4
331 silly diffTrees add send@0.13.2
332 silly diffTrees add serve-static@1.10.3
333 silly diffTrees add express@4.13.4
334 silly decomposeActions action count 64
335 silly decomposeActions fetch mime-db@1.23.0
336 silly decomposeActions extract mime-db@1.23.0
337 silly decomposeActions test mime-db@1.23.0
338 silly decomposeActions preinstall mime-db@1.23.0
339 silly decomposeActions build mime-db@1.23.0
340 silly decomposeActions install mime-db@1.23.0
341 silly decomposeActions postinstall mime-db@1.23.0
342 silly decomposeActions finalize mime-db@1.23.0
343 silly decomposeActions fetch mime-types@2.1.11
344 silly decomposeActions extract mime-types@2.1.11
345 silly decomposeActions test mime-types@2.1.11
346 silly decomposeActions preinstall mime-types@2.1.11
347 silly decomposeActions build mime-types@2.1.11
348 silly decomposeActions install mime-types@2.1.11
349 silly decomposeActions postinstall mime-types@2.1.11
350 silly decomposeActions finalize mime-types@2.1.11
351 silly decomposeActions fetch negotiator@0.5.3
352 silly decomposeActions extract negotiator@0.5.3
353 silly decomposeActions test negotiator@0.5.3
354 silly decomposeActions preinstall negotiator@0.5.3
355 silly decomposeActions build negotiator@0.5.3
356 silly decomposeActions install negotiator@0.5.3
357 silly decomposeActions postinstall negotiator@0.5.3
358 silly decomposeActions finalize negotiator@0.5.3
359 silly decomposeActions fetch accepts@1.2.13
360 silly decomposeActions extract accepts@1.2.13
361 silly decomposeActions test accepts@1.2.13
362 silly decomposeActions preinstall accepts@1.2.13
363 silly decomposeActions build accepts@1.2.13
364 silly decomposeActions install accepts@1.2.13
365 silly decomposeActions postinstall accepts@1.2.13
366 silly decomposeActions finalize accepts@1.2.13
367 silly decomposeActions fetch mime@1.3.4
368 silly decomposeActions extract mime@1.3.4
369 silly decomposeActions test mime@1.3.4
370 silly decomposeActions preinstall mime@1.3.4
371 silly decomposeActions build mime@1.3.4
372 silly decomposeActions install mime@1.3.4
373 silly decomposeActions postinstall mime@1.3.4
374 silly decomposeActions finalize mime@1.3.4
375 silly decomposeActions fetch send@0.13.2
376 silly decomposeActions extract send@0.13.2
377 silly decomposeActions test send@0.13.2
378 silly decomposeActions preinstall send@0.13.2
379 silly decomposeActions build send@0.13.2
380 silly decomposeActions install send@0.13.2
381 silly decomposeActions postinstall send@0.13.2
382 silly decomposeActions finalize send@0.13.2
383 silly decomposeActions fetch serve-static@1.10.3
384 silly decomposeActions extract serve-static@1.10.3
385 silly decomposeActions test serve-static@1.10.3
386 silly decomposeActions preinstall serve-static@1.10.3
387 silly decomposeActions build serve-static@1.10.3
388 silly decomposeActions install serve-static@1.10.3
389 silly decomposeActions postinstall serve-static@1.10.3
390 silly decomposeActions finalize serve-static@1.10.3
391 silly decomposeActions fetch express@4.13.4
392 silly decomposeActions extract express@4.13.4
393 silly decomposeActions test express@4.13.4
394 silly decomposeActions preinstall express@4.13.4
395 silly decomposeActions build express@4.13.4
396 silly decomposeActions install express@4.13.4
397 silly decomposeActions postinstall express@4.13.4
398 silly decomposeActions finalize express@4.13.4
399 silly executeActions Starting
400 silly install executeActions
401 silly doSerial global-install 0
402 silly doParallel fetch 8
403 verbose correctMkdir /home/vagrant/.npm/_locks correctMkdir not in flight; initializing
404 verbose lock using /home/vagrant/.npm/_locks/staging-1148b9134fcb5678.lock for /home/vagrant/larvifi/node_modules/.staging
405 silly doParallel extract 8
406 silly extract mime-db@1.23.0
407 silly extract mime-types@2.1.11
408 silly extract negotiator@0.5.3
409 silly extract accepts@1.2.13
410 silly extract mime@1.3.4
411 silly extract send@0.13.2
412 silly extract serve-static@1.10.3
413 silly extract express@4.13.4
414 verbose unbuild node_modules/.staging/mime-db-ee3ddbe8
415 verbose unbuild node_modules/.staging/mime-types-77ba78db
416 verbose unbuild node_modules/.staging/negotiator-ff85aa60
417 verbose unbuild node_modules/.staging/accepts-f4786ab6
418 verbose unbuild node_modules/.staging/send-137a1b0d
419 verbose unbuild node_modules/.staging/serve-static-168b7ef5
420 verbose unbuild node_modules/.staging/express-8f3e78f4
421 verbose unbuild node_modules/.staging/mime-784c4074
422 silly gentlyRm /home/vagrant/larvifi/node_modules/.staging/mime-db-ee3ddbe8 is being purged from base /home/vagrant/larvifi
423 verbose gentlyRm don't care about contents; nuking /home/vagrant/larvifi/node_modules/.staging/mime-db-ee3ddbe8
424 silly gentlyRm /home/vagrant/larvifi/node_modules/.staging/mime-types-77ba78db is being purged from base /home/vagrant/larvifi
425 verbose gentlyRm don't care about contents; nuking /home/vagrant/larvifi/node_modules/.staging/mime-types-77ba78db
426 silly gentlyRm /home/vagrant/larvifi/node_modules/.staging/negotiator-ff85aa60 is being purged from base /home/vagrant/larvifi
427 verbose gentlyRm don't care about contents; nuking /home/vagrant/larvifi/node_modules/.staging/negotiator-ff85aa60
428 silly gentlyRm /home/vagrant/larvifi/node_modules/.staging/accepts-f4786ab6 is being purged from base /home/vagrant/larvifi
429 verbose gentlyRm don't care about contents; nuking /home/vagrant/larvifi/node_modules/.staging/accepts-f4786ab6
430 silly gentlyRm /home/vagrant/larvifi/node_modules/.staging/send-137a1b0d is being purged from base /home/vagrant/larvifi
431 verbose gentlyRm don't care about contents; nuking /home/vagrant/larvifi/node_modules/.staging/send-137a1b0d
432 silly gentlyRm /home/vagrant/larvifi/node_modules/.staging/serve-static-168b7ef5 is being purged from base /home/vagrant/larvifi
433 verbose gentlyRm don't care about contents; nuking /home/vagrant/larvifi/node_modules/.staging/serve-static-168b7ef5
434 silly gentlyRm /home/vagrant/larvifi/node_modules/.staging/express-8f3e78f4 is being purged from base /home/vagrant/larvifi
435 verbose gentlyRm don't care about contents; nuking /home/vagrant/larvifi/node_modules/.staging/express-8f3e78f4
436 verbose tar unpack /home/vagrant/.npm/mime-db/1.23.0/package.tgz
437 verbose tar unpacking to /home/vagrant/larvifi/node_modules/.staging/mime-db-ee3ddbe8
438 silly gentlyRm /home/vagrant/larvifi/node_modules/.staging/mime-db-ee3ddbe8 is being purged
439 verbose gentlyRm don't care about contents; nuking /home/vagrant/larvifi/node_modules/.staging/mime-db-ee3ddbe8
440 verbose tar unpack /home/vagrant/.npm/mime-types/2.1.11/package.tgz
441 verbose tar unpacking to /home/vagrant/larvifi/node_modules/.staging/mime-types-77ba78db
442 silly gentlyRm /home/vagrant/larvifi/node_modules/.staging/mime-types-77ba78db is being purged
443 verbose gentlyRm don't care about contents; nuking /home/vagrant/larvifi/node_modules/.staging/mime-types-77ba78db
444 verbose tar unpack /home/vagrant/.npm/negotiator/0.5.3/package.tgz
445 verbose tar unpacking to /home/vagrant/larvifi/node_modules/.staging/negotiator-ff85aa60
446 silly gentlyRm /home/vagrant/larvifi/node_modules/.staging/negotiator-ff85aa60 is being purged
447 verbose gentlyRm don't care about contents; nuking /home/vagrant/larvifi/node_modules/.staging/negotiator-ff85aa60
448 silly gentlyRm /home/vagrant/larvifi/node_modules/.staging/mime-784c4074 is being purged from base /home/vagrant/larvifi
449 verbose gentlyRm don't care about contents; nuking /home/vagrant/larvifi/node_modules/.staging/mime-784c4074
450 verbose tar unpack /home/vagrant/.npm/accepts/1.2.13/package.tgz
451 verbose tar unpacking to /home/vagrant/larvifi/node_modules/.staging/accepts-f4786ab6
452 silly gentlyRm /home/vagrant/larvifi/node_modules/.staging/accepts-f4786ab6 is being purged
453 verbose gentlyRm don't care about contents; nuking /home/vagrant/larvifi/node_modules/.staging/accepts-f4786ab6
454 verbose tar unpack /home/vagrant/.npm/send/0.13.2/package.tgz
455 verbose tar unpacking to /home/vagrant/larvifi/node_modules/.staging/send-137a1b0d
456 silly gentlyRm /home/vagrant/larvifi/node_modules/.staging/send-137a1b0d is being purged
457 verbose gentlyRm don't care about contents; nuking /home/vagrant/larvifi/node_modules/.staging/send-137a1b0d
458 verbose tar unpack /home/vagrant/.npm/serve-static/1.10.3/package.tgz
459 verbose tar unpacking to /home/vagrant/larvifi/node_modules/.staging/serve-static-168b7ef5
460 silly gentlyRm /home/vagrant/larvifi/node_modules/.staging/serve-static-168b7ef5 is being purged
461 verbose gentlyRm don't care about contents; nuking /home/vagrant/larvifi/node_modules/.staging/serve-static-168b7ef5
462 verbose tar unpack /home/vagrant/.npm/express/4.13.4/package.tgz
463 verbose tar unpacking to /home/vagrant/larvifi/node_modules/.staging/express-8f3e78f4
464 silly gentlyRm /home/vagrant/larvifi/node_modules/.staging/express-8f3e78f4 is being purged
465 verbose gentlyRm don't care about contents; nuking /home/vagrant/larvifi/node_modules/.staging/express-8f3e78f4
466 silly gunzTarPerm modes [ '775', '664' ]
467 silly gunzTarPerm modes [ '775', '664' ]
468 silly gunzTarPerm modes [ '775', '664' ]
469 verbose tar unpack /home/vagrant/.npm/mime/1.3.4/package.tgz
470 verbose tar unpacking to /home/vagrant/larvifi/node_modules/.staging/mime-784c4074
471 silly gentlyRm /home/vagrant/larvifi/node_modules/.staging/mime-784c4074 is being purged
472 verbose gentlyRm don't care about contents; nuking /home/vagrant/larvifi/node_modules/.staging/mime-784c4074
473 silly gunzTarPerm modes [ '775', '664' ]
474 silly gunzTarPerm modes [ '775', '664' ]
475 silly gunzTarPerm modes [ '775', '664' ]
476 silly gunzTarPerm modes [ '775', '664' ]
477 silly gunzTarPerm modes [ '775', '664' ]
478 silly gunzTarPerm extractEntry package.json
479 silly gunzTarPerm modified mode [ 'package.json', 438, 436 ]
480 silly gunzTarPerm extractEntry package.json
481 silly gunzTarPerm modified mode [ 'package.json', 438, 436 ]
482 silly gunzTarPerm extractEntry package.json
483 silly gunzTarPerm modified mode [ 'package.json', 438, 436 ]
484 silly gunzTarPerm extractEntry package.json
485 silly gunzTarPerm modified mode [ 'package.json', 438, 436 ]
486 silly gunzTarPerm extractEntry package.json
487 silly gunzTarPerm modified mode [ 'package.json', 438, 436 ]
488 silly gunzTarPerm extractEntry package.json
489 silly gunzTarPerm modified mode [ 'package.json', 438, 436 ]
490 silly gunzTarPerm extractEntry package.json
491 silly gunzTarPerm modified mode [ 'package.json', 438, 436 ]
492 silly gunzTarPerm extractEntry package.json
493 silly gunzTarPerm modified mode [ 'package.json', 420, 436 ]
494 silly gunzTarPerm extractEntry README.md
495 silly gunzTarPerm modified mode [ 'README.md', 438, 436 ]
496 silly gunzTarPerm extractEntry LICENSE
497 silly gunzTarPerm modified mode [ 'LICENSE', 438, 436 ]
498 silly gunzTarPerm extractEntry README.md
499 silly gunzTarPerm modified mode [ 'README.md', 438, 436 ]
500 silly gunzTarPerm extractEntry LICENSE
501 silly gunzTarPerm modified mode [ 'LICENSE', 438, 436 ]
502 silly gunzTarPerm extractEntry README.md
503 silly gunzTarPerm modified mode [ 'README.md', 438, 436 ]
504 silly gunzTarPerm extractEntry LICENSE
505 silly gunzTarPerm modified mode [ 'LICENSE', 438, 436 ]
506 silly gunzTarPerm extractEntry README.md
507 silly gunzTarPerm modified mode [ 'README.md', 438, 436 ]
508 silly gunzTarPerm extractEntry LICENSE
509 silly gunzTarPerm modified mode [ 'LICENSE', 438, 436 ]
510 silly gunzTarPerm extractEntry README.md
511 silly gunzTarPerm modified mode [ 'README.md', 438, 436 ]
512 silly gunzTarPerm extractEntry LICENSE
513 silly gunzTarPerm modified mode [ 'LICENSE', 438, 436 ]
514 silly gunzTarPerm extractEntry README.md
515 silly gunzTarPerm modified mode [ 'README.md', 438, 436 ]
516 silly gunzTarPerm extractEntry LICENSE
517 silly gunzTarPerm modified mode [ 'LICENSE', 438, 436 ]
518 silly gunzTarPerm extractEntry LICENSE
519 silly gunzTarPerm modified mode [ 'LICENSE', 438, 436 ]
520 silly gunzTarPerm extractEntry index.js
521 silly gunzTarPerm modified mode [ 'index.js', 438, 436 ]
522 silly gunzTarPerm extractEntry .npmignore
523 silly gunzTarPerm modified mode [ '.npmignore', 420, 436 ]
524 silly gunzTarPerm extractEntry README.md
525 silly gunzTarPerm modified mode [ 'README.md', 420, 436 ]
526 silly gunzTarPerm extractEntry index.js
527 silly gunzTarPerm modified mode [ 'index.js', 438, 436 ]
528 silly gunzTarPerm extractEntry db.json
529 silly gunzTarPerm modified mode [ 'db.json', 438, 436 ]
530 silly gunzTarPerm extractEntry index.js
531 silly gunzTarPerm modified mode [ 'index.js', 438, 436 ]
532 silly gunzTarPerm extractEntry HISTORY.md
533 silly gunzTarPerm modified mode [ 'HISTORY.md', 438, 436 ]
534 silly gunzTarPerm extractEntry index.js
535 silly gunzTarPerm modified mode [ 'index.js', 438, 436 ]
536 silly gunzTarPerm extractEntry HISTORY.md
537 silly gunzTarPerm modified mode [ 'HISTORY.md', 438, 436 ]
538 silly gunzTarPerm extractEntry index.js
539 silly gunzTarPerm modified mode [ 'index.js', 438, 436 ]
540 silly gunzTarPerm extractEntry HISTORY.md
541 silly gunzTarPerm modified mode [ 'HISTORY.md', 438, 436 ]
542 silly gunzTarPerm extractEntry index.js
543 silly gunzTarPerm modified mode [ 'index.js', 438, 436 ]
544 silly gunzTarPerm extractEntry HISTORY.md
545 silly gunzTarPerm modified mode [ 'HISTORY.md', 438, 436 ]
546 silly gunzTarPerm extractEntry index.js
547 silly gunzTarPerm modified mode [ 'index.js', 438, 436 ]
548 silly gunzTarPerm extractEntry HISTORY.md
549 silly gunzTarPerm modified mode [ 'HISTORY.md', 438, 436 ]
550 silly gunzTarPerm extractEntry LICENSE
551 silly gunzTarPerm modified mode [ 'LICENSE', 420, 436 ]
552 silly gunzTarPerm extractEntry cli.js
553 silly gunzTarPerm modified mode [ 'cli.js', 420, 436 ]
554 silly gunzTarPerm extractEntry History.md
555 silly gunzTarPerm modified mode [ 'History.md', 438, 436 ]
556 silly gunzTarPerm extractEntry Readme.md
557 silly gunzTarPerm modified mode [ 'Readme.md', 438, 436 ]
558 silly gunzTarPerm extractEntry lib/application.js
559 silly gunzTarPerm modified mode [ 'lib/application.js', 438, 436 ]
560 silly gunzTarPerm extractEntry lib/express.js
561 silly gunzTarPerm modified mode [ 'lib/express.js', 438, 436 ]
562 silly gunzTarPerm extractEntry lib/request.js
563 silly gunzTarPerm modified mode [ 'lib/request.js', 438, 436 ]
564 silly gunzTarPerm extractEntry lib/response.js
565 silly gunzTarPerm modified mode [ 'lib/response.js', 438, 436 ]
566 silly gunzTarPerm extractEntry lib/utils.js
567 silly gunzTarPerm modified mode [ 'lib/utils.js', 438, 436 ]
568 silly gunzTarPerm extractEntry lib/view.js
569 silly gunzTarPerm modified mode [ 'lib/view.js', 438, 436 ]
570 silly gunzTarPerm extractEntry lib/middleware/init.js
571 silly gunzTarPerm modified mode [ 'lib/middleware/init.js', 438, 436 ]
572 silly gunzTarPerm extractEntry lib/middleware/query.js
573 silly gunzTarPerm modified mode [ 'lib/middleware/query.js', 438, 436 ]
574 silly gunzTarPerm extractEntry lib/router/index.js
575 silly gunzTarPerm modified mode [ 'lib/router/index.js', 438, 436 ]
576 silly gunzTarPerm extractEntry lib/router/layer.js
577 silly gunzTarPerm modified mode [ 'lib/router/layer.js', 438, 436 ]
578 silly gunzTarPerm extractEntry lib/router/route.js
579 silly gunzTarPerm modified mode [ 'lib/router/route.js', 438, 436 ]
580 silly gunzTarPerm extractEntry HISTORY.md
581 silly gunzTarPerm modified mode [ 'HISTORY.md', 438, 436 ]
582 silly gunzTarPerm extractEntry mime.js
583 silly gunzTarPerm modified mode [ 'mime.js', 420, 436 ]
584 silly gunzTarPerm extractEntry build/build.js
585 silly gunzTarPerm modified mode [ 'build/build.js', 420, 436 ]
586 silly gunzTarPerm extractEntry lib/charset.js
587 silly gunzTarPerm modified mode [ 'lib/charset.js', 438, 436 ]
588 silly gunzTarPerm extractEntry lib/encoding.js
589 silly gunzTarPerm modified mode [ 'lib/encoding.js', 438, 436 ]
590 silly gunzTarPerm extractEntry lib/language.js
591 silly gunzTarPerm modified mode [ 'lib/language.js', 438, 436 ]
592 silly gunzTarPerm extractEntry lib/mediaType.js
593 silly gunzTarPerm modified mode [ 'lib/mediaType.js', 438, 436 ]
594 silly gunzTarPerm extractEntry build/test.js
595 silly gunzTarPerm modified mode [ 'build/test.js', 420, 436 ]
596 silly gunzTarPerm extractEntry types.json
597 silly gunzTarPerm modified mode [ 'types.json', 420, 436 ]
598 silly gentlyRm /home/vagrant/larvifi/node_modules/.staging/accepts-f4786ab6/node_modules is being purged
599 verbose gentlyRm don't care about contents; nuking /home/vagrant/larvifi/node_modules/.staging/accepts-f4786ab6/node_modules
600 silly gentlyRm /home/vagrant/larvifi/node_modules/.staging/mime-types-77ba78db/node_modules is being purged
601 verbose gentlyRm don't care about contents; nuking /home/vagrant/larvifi/node_modules/.staging/mime-types-77ba78db/node_modules
602 silly gentlyRm /home/vagrant/larvifi/node_modules/.staging/serve-static-168b7ef5/node_modules is being purged
603 verbose gentlyRm don't care about contents; nuking /home/vagrant/larvifi/node_modules/.staging/serve-static-168b7ef5/node_modules
604 silly gentlyRm /home/vagrant/larvifi/node_modules/.staging/send-137a1b0d/node_modules is being purged
605 verbose gentlyRm don't care about contents; nuking /home/vagrant/larvifi/node_modules/.staging/send-137a1b0d/node_modules
606 silly gentlyRm /home/vagrant/larvifi/node_modules/.staging/mime-db-ee3ddbe8/node_modules is being purged
607 verbose gentlyRm don't care about contents; nuking /home/vagrant/larvifi/node_modules/.staging/mime-db-ee3ddbe8/node_modules
608 silly gentlyRm /home/vagrant/larvifi/node_modules/.staging/negotiator-ff85aa60/node_modules is being purged
609 verbose gentlyRm don't care about contents; nuking /home/vagrant/larvifi/node_modules/.staging/negotiator-ff85aa60/node_modules
610 silly gentlyRm /home/vagrant/larvifi/node_modules/.staging/mime-784c4074/node_modules is being purged
611 verbose gentlyRm don't care about contents; nuking /home/vagrant/larvifi/node_modules/.staging/mime-784c4074/node_modules
612 silly gentlyRm /home/vagrant/larvifi/node_modules/.staging/express-8f3e78f4/node_modules is being purged
613 verbose gentlyRm don't care about contents; nuking /home/vagrant/larvifi/node_modules/.staging/express-8f3e78f4/node_modules
614 silly doParallel preinstall 8
615 silly preinstall mime-db@1.23.0 /home/vagrant/larvifi/node_modules/.staging/mime-db-ee3ddbe8
616 info lifecycle mime-db@1.23.0~preinstall: mime-db@1.23.0
617 silly preinstall mime-types@2.1.11 /home/vagrant/larvifi/node_modules/.staging/mime-types-77ba78db
618 info lifecycle mime-types@2.1.11~preinstall: mime-types@2.1.11
619 silly preinstall negotiator@0.5.3 /home/vagrant/larvifi/node_modules/.staging/negotiator-ff85aa60
620 info lifecycle negotiator@0.5.3~preinstall: negotiator@0.5.3
621 silly preinstall accepts@1.2.13 /home/vagrant/larvifi/node_modules/.staging/accepts-f4786ab6
622 info lifecycle accepts@1.2.13~preinstall: accepts@1.2.13
623 silly preinstall mime@1.3.4 /home/vagrant/larvifi/node_modules/.staging/mime-784c4074
624 info lifecycle mime@1.3.4~preinstall: mime@1.3.4
625 silly preinstall send@0.13.2 /home/vagrant/larvifi/node_modules/.staging/send-137a1b0d
626 info lifecycle send@0.13.2~preinstall: send@0.13.2
627 silly preinstall serve-static@1.10.3 /home/vagrant/larvifi/node_modules/.staging/serve-static-168b7ef5
628 info lifecycle serve-static@1.10.3~preinstall: serve-static@1.10.3
629 silly preinstall express@4.13.4 /home/vagrant/larvifi/node_modules/.staging/express-8f3e78f4
630 info lifecycle express@4.13.4~preinstall: express@4.13.4
631 silly lifecycle mime-db@1.23.0~preinstall: no script for preinstall, continuing
632 silly lifecycle mime-types@2.1.11~preinstall: no script for preinstall, continuing
633 silly lifecycle negotiator@0.5.3~preinstall: no script for preinstall, continuing
634 silly lifecycle accepts@1.2.13~preinstall: no script for preinstall, continuing
635 silly lifecycle mime@1.3.4~preinstall: no script for preinstall, continuing
636 silly lifecycle send@0.13.2~preinstall: no script for preinstall, continuing
637 silly lifecycle serve-static@1.10.3~preinstall: no script for preinstall, continuing
638 silly lifecycle express@4.13.4~preinstall: no script for preinstall, continuing
639 silly doReverseSerial remove 0
640 silly doSerial move 0
641 silly doSerial finalize 8
642 silly finalize /home/vagrant/larvifi/node_modules/express/node_modules/mime-db
643 silly finalize /home/vagrant/larvifi/node_modules/express/node_modules/mime-types
644 silly finalize /home/vagrant/larvifi/node_modules/express/node_modules/negotiator
645 silly finalize /home/vagrant/larvifi/node_modules/express/node_modules/accepts
646 silly finalize /home/vagrant/larvifi/node_modules/mime
647 silly finalize /home/vagrant/larvifi/node_modules/serve-static/node_modules/send
648 silly finalize /home/vagrant/larvifi/node_modules/serve-static
649 silly finalize /home/vagrant/larvifi/node_modules/express
650 silly doSerial build 8
651 silly build mime-db@1.23.0
652 info linkStuff mime-db@1.23.0
653 silly linkStuff mime-db@1.23.0 has /home/vagrant/larvifi/node_modules/express/node_modules as its parent node_modules
654 verbose linkBins mime-db@1.23.0
655 verbose linkMans mime-db@1.23.0
656 silly build mime-types@2.1.11
657 info linkStuff mime-types@2.1.11
658 silly linkStuff mime-types@2.1.11 has /home/vagrant/larvifi/node_modules/express/node_modules as its parent node_modules
659 verbose linkBins mime-types@2.1.11
660 verbose linkMans mime-types@2.1.11
661 silly build negotiator@0.5.3
662 info linkStuff negotiator@0.5.3
663 silly linkStuff negotiator@0.5.3 has /home/vagrant/larvifi/node_modules/express/node_modules as its parent node_modules
664 verbose linkBins negotiator@0.5.3
665 verbose linkMans negotiator@0.5.3
666 silly build accepts@1.2.13
667 info linkStuff accepts@1.2.13
668 silly linkStuff accepts@1.2.13 has /home/vagrant/larvifi/node_modules/express/node_modules as its parent node_modules
669 verbose linkBins accepts@1.2.13
670 verbose linkMans accepts@1.2.13
671 silly build mime@1.3.4
672 info linkStuff mime@1.3.4
673 silly linkStuff mime@1.3.4 has /home/vagrant/larvifi/node_modules as its parent node_modules
674 verbose linkBins mime@1.3.4
675 verbose link bins [ { mime: 'cli.js' },
675 verbose link bins   '/home/vagrant/larvifi/node_modules/.bin',
675 verbose link bins   false ]
676 verbose linkMans mime@1.3.4
677 silly gentlyRm /home/vagrant/larvifi/node_modules/.bin/mime is being purged
678 verbose gentlyRm don't care about contents; nuking /home/vagrant/larvifi/node_modules/.bin/mime
679 verbose unlock done using /home/vagrant/.npm/_locks/staging-1148b9134fcb5678.lock for /home/vagrant/larvifi/node_modules/.staging
680 silly rollbackFailedOptional Starting
681 silly rollbackFailedOptional Finishing
682 silly runTopLevelLifecycles Starting
683 silly runTopLevelLifecycles Finishing
684 silly install printInstalled
685 verbose stack Error: EPROTO: protocol error, symlink '../mime/cli.js' -> '/home/vagrant/larvifi/node_modules/.bin/mime'
685 verbose stack     at Error (native)
686 verbose cwd /home/vagrant/larvifi
687 error Linux 3.19.0-25-generic
688 error argv "/usr/bin/nodejs" "/usr/bin/npm" "install" "express" "--save"
689 error node v5.10.1
690 error npm  v3.8.3
691 error path ../mime/cli.js
692 error code EPROTO
693 error errno -71
694 error syscall symlink
695 error EPROTO: protocol error, symlink '../mime/cli.js' -> '/home/vagrant/larvifi/node_modules/.bin/mime'
696 error If you need help, you may report this error at:
696 error     <https://github.com/npm/npm/issues>
697 verbose exit [ -71, true ]
